# JRE version: OpenJDK Runtime Environment (8.0_212-b04) (build 1.8.0_212-release-1586-b04)
# Java VM: OpenJDK 64-Bit Server VM (25.212-b04 mixed mode windows-amd64 compressed oops)
Heap:
 PSYoungGen      total 140800K, used 90704K [0x00000000e0000000, 0x00000000eb080000, 0x0000000100000000)
  eden space 125440K, 72% used [0x00000000e0000000,0x00000000e58943b0,0x00000000e7a80000)
  from space 15360K, 0% used [0x00000000e7a80000,0x00000000e7a80000,0x00000000e8980000)
  to   space 14336K, 0% used [0x00000000ea280000,0x00000000ea280000,0x00000000eb080000)
 ParOldGen       total 81920K, used 31999K [0x00000000a0000000, 0x00000000a5000000, 0x00000000e0000000)
  object space 81920K, 39% used [0x00000000a0000000,0x00000000a1f3fe58,0x00000000a5000000)
 Metaspace       used 59864K, capacity 61972K, committed 62296K, reserved 1103872K
  class space    used 8244K, capacity 8711K, committed 8792K, reserved 1048576K
GC Heap History (10 events):
Event: 35.085 GC heap before
{Heap before GC invocations=16 (full 2):
 PSYoungGen      total 107520K, used 5911K [0x00000000e0000000, 0x00000000e7800000, 0x0000000100000000)
  eden space 100352K, 0% used [0x00000000e0000000,0x00000000e0000000,0x00000000e6200000)
  from space 7168K, 82% used [0x00000000e6980000,0x00000000e6f45fa0,0x00000000e7080000)
  to   space 7680K, 0% used [0x00000000e6200000,0x00000000e6200000,0x00000000e6980000)
 ParOldGen       total 30208K, used 12942K [0x00000000a0000000, 0x00000000a1d80000, 0x00000000e0000000)
  object space 30208K, 42% used [0x00000000a0000000,0x00000000a0ca39b8,0x00000000a1d80000)
 Metaspace       used 34617K, capacity 35380K, committed 35456K, reserved 1079296K
  class space    used 4752K, capacity 4961K, committed 4992K, reserved 1048576K
Event: 35.534 GC heap after
Heap after GC invocations=16 (full 2):
 PSYoungGen      total 107520K, used 0K [0x00000000e0000000, 0x00000000e7800000, 0x0000000100000000)
  eden space 100352K, 0% used [0x00000000e0000000,0x00000000e0000000,0x00000000e6200000)
  from space 7168K, 0% used [0x00000000e6980000,0x00000000e6980000,0x00000000e7080000)
  to   space 7680K, 0% used [0x00000000e6200000,0x00000000e6200000,0x00000000e6980000)
 ParOldGen       total 51200K, used 17688K [0x00000000a0000000, 0x00000000a3200000, 0x00000000e0000000)
  object space 51200K, 34% used [0x00000000a0000000,0x00000000a1146288,0x00000000a3200000)
 Metaspace       used 34609K, capacity 35356K, committed 35456K, reserved 1079296K
  class space    used 4750K, capacity 4957K, committed 4992K, reserved 1048576K
}
Event: 41.514 GC heap before
{Heap before GC invocations=17 (full 2):
 PSYoungGen      total 107520K, used 100352K [0x00000000e0000000, 0x00000000e7800000, 0x0000000100000000)
  eden space 100352K, 100% used [0x00000000e0000000,0x00000000e6200000,0x00000000e6200000)
  from space 7168K, 0% used [0x00000000e6980000,0x00000000e6980000,0x00000000e7080000)
  to   space 7680K, 0% used [0x00000000e6200000,0x00000000e6200000,0x00000000e6980000)
 ParOldGen       total 51200K, used 17688K [0x00000000a0000000, 0x00000000a3200000, 0x00000000e0000000)
  object space 51200K, 34% used [0x00000000a0000000,0x00000000a1146288,0x00000000a3200000)
 Metaspace       used 44704K, capacity 45732K, committed 46080K, reserved 1089536K
  class space    used 6024K, capacity 6316K, committed 6400K, reserved 1048576K
Event: 41.546 GC heap after
Heap after GC invocations=17 (full 2):
 PSYoungGen      total 108032K, used 7658K [0x00000000e0000000, 0x00000000e9480000, 0x0000000100000000)
  eden space 100352K, 0% used [0x00000000e0000000,0x00000000e0000000,0x00000000e6200000)
  from space 7680K, 99% used [0x00000000e6200000,0x00000000e697a980,0x00000000e6980000)
  to   space 11264K, 0% used [0x00000000e8980000,0x00000000e8980000,0x00000000e9480000)
 ParOldGen       total 51200K, used 23594K [0x00000000a0000000, 0x00000000a3200000, 0x00000000e0000000)
  object space 51200K, 46% used [0x00000000a0000000,0x00000000a170a9a8,0x00000000a3200000)
 Metaspace       used 44704K, capacity 45732K, committed 46080K, reserved 1089536K
  class space    used 6024K, capacity 6316K, committed 6400K, reserved 1048576K
}
Event: 52.327 GC heap before
{Heap before GC invocations=18 (full 2):
 PSYoungGen      total 108032K, used 108010K [0x00000000e0000000, 0x00000000e9480000, 0x0000000100000000)
  eden space 100352K, 100% used [0x00000000e0000000,0x00000000e6200000,0x00000000e6200000)
  from space 7680K, 99% used [0x00000000e6200000,0x00000000e697a980,0x00000000e6980000)
  to   space 11264K, 0% used [0x00000000e8980000,0x00000000e8980000,0x00000000e9480000)
 ParOldGen       total 51200K, used 23594K [0x00000000a0000000, 0x00000000a3200000, 0x00000000e0000000)
  object space 51200K, 46% used [0x00000000a0000000,0x00000000a170a9a8,0x00000000a3200000)
 Metaspace       used 54041K, capacity 55672K, committed 55808K, reserved 1097728K
  class space    used 7440K, capacity 7813K, committed 7936K, reserved 1048576K
Event: 52.452 GC heap after
Heap after GC invocations=18 (full 2):
 PSYoungGen      total 136704K, used 11262K [0x00000000e0000000, 0x00000000e9b00000, 0x0000000100000000)
  eden space 125440K, 0% used [0x00000000e0000000,0x00000000e0000000,0x00000000e7a80000)
  from space 11264K, 99% used [0x00000000e8980000,0x00000000e947fbf8,0x00000000e9480000)
  to   space 15360K, 0% used [0x00000000e7a80000,0x00000000e7a80000,0x00000000e8980000)
 ParOldGen       total 51200K, used 30227K [0x00000000a0000000, 0x00000000a3200000, 0x00000000e0000000)
  object space 51200K, 59% used [0x00000000a0000000,0x00000000a1d84c88,0x00000000a3200000)
 Metaspace       used 54041K, capacity 55672K, committed 55808K, reserved 1097728K
  class space    used 7440K, capacity 7813K, committed 7936K, reserved 1048576K
}
Event: 59.092 GC heap before
{Heap before GC invocations=19 (full 2):
 PSYoungGen      total 136704K, used 64737K [0x00000000e0000000, 0x00000000e9b00000, 0x0000000100000000)
  eden space 125440K, 42% used [0x00000000e0000000,0x00000000e34388f8,0x00000000e7a80000)
  from space 11264K, 99% used [0x00000000e8980000,0x00000000e947fbf8,0x00000000e9480000)
  to   space 15360K, 0% used [0x00000000e7a80000,0x00000000e7a80000,0x00000000e8980000)
 ParOldGen       total 51200K, used 30227K [0x00000000a0000000, 0x00000000a3200000, 0x00000000e0000000)
  object space 51200K, 59% used [0x00000000a0000000,0x00000000a1d84c88,0x00000000a3200000)
 Metaspace       used 57182K, capacity 59054K, committed 59096K, reserved 1099776K
  class space    used 7921K, capacity 8376K, committed 8408K, reserved 1048576K
Event: 59.298 GC heap after
Heap after GC invocations=19 (full 2):
 PSYoungGen      total 140800K, used 6237K [0x00000000e0000000, 0x00000000eb080000, 0x0000000100000000)
  eden space 125440K, 0% used [0x00000000e0000000,0x00000000e0000000,0x00000000e7a80000)
  from space 15360K, 40% used [0x00000000e7a80000,0x00000000e8097638,0x00000000e8980000)
  to   space 14336K, 0% used [0x00000000ea280000,0x00000000ea280000,0x00000000eb080000)
 ParOldGen       total 51200K, used 35775K [0x00000000a0000000, 0x00000000a3200000, 0x00000000e0000000)
  object space 51200K, 69% used [0x00000000a0000000,0x00000000a22effa8,0x00000000a3200000)
 Metaspace       used 57182K, capacity 59054K, committed 59096K, reserved 1099776K
  class space    used 7921K, capacity 8376K, committed 8408K, reserved 1048576K
}
Event: 59.298 GC heap before
{Heap before GC invocations=20 (full 3):
 PSYoungGen      total 140800K, used 6237K [0x00000000e0000000, 0x00000000eb080000, 0x0000000100000000)
  eden space 125440K, 0% used [0x00000000e0000000,0x00000000e0000000,0x00000000e7a80000)
  from space 15360K, 40% used [0x00000000e7a80000,0x00000000e8097638,0x00000000e8980000)
  to   space 14336K, 0% used [0x00000000ea280000,0x00000000ea280000,0x00000000eb080000)
 ParOldGen       total 51200K, used 35775K [0x00000000a0000000, 0x00000000a3200000, 0x00000000e0000000)
  object space 51200K, 69% used [0x00000000a0000000,0x00000000a22effa8,0x00000000a3200000)
 Metaspace       used 57182K, capacity 59054K, committed 59096K, reserved 1099776K
  class space    used 7921K, capacity 8376K, committed 8408K, reserved 1048576K
Event: 60.989 GC heap after
Heap after GC invocations=20 (full 3):
 PSYoungGen      total 140800K, used 0K [0x00000000e0000000, 0x00000000eb080000, 0x0000000100000000)
  eden space 125440K, 0% used [0x00000000e0000000,0x00000000e0000000,0x00000000e7a80000)
  from space 15360K, 0% used [0x00000000e7a80000,0x00000000e7a80000,0x00000000e8980000)
  to   space 14336K, 0% used [0x00000000ea280000,0x00000000ea280000,0x00000000eb080000)
 ParOldGen       total 81920K, used 31999K [0x00000000a0000000, 0x00000000a5000000, 0x00000000e0000000)
  object space 81920K, 39% used [0x00000000a0000000,0x00000000a1f3fe58,0x00000000a5000000)
 Metaspace       used 57133K, capacity 58930K, committed 59096K, reserved 1099776K
  class space    used 7905K, capacity 8348K, committed 8408K, reserved 1048576K
}

